-------------------------------------------------------------------------------
Test set: com.casic.iot.db.impl.tsdb.InfluxDBTest
-------------------------------------------------------------------------------
Tests run: 1, Failures: 0, Errors: 1, Skipped: 0, Time elapsed: 1.096 sec <<< FAILURE!
testInsert(com.casic.iot.db.impl.tsdb.InfluxDBTest)  Time elapsed: 1.007 sec  <<< ERROR!
org.influxdb.InfluxDBException: 404 page not found

	at org.influxdb.InfluxDBException.buildExceptionForErrorState(InfluxDBException.java:175)
	at org.influxdb.impl.InfluxDBImpl.execute(InfluxDBImpl.java:796)
	at org.influxdb.impl.InfluxDBImpl.executeQuery(InfluxDBImpl.java:783)
	at org.influxdb.impl.InfluxDBImpl.query(InfluxDBImpl.java:544)
	at com.casic.iot.db.impl.tsdb.InfluxDBConnect.query(InfluxDBConnect.java:64)
	at com.casic.iot.db.impl.tsdb.InfluxDBConnect.createRetentionPolicy(InfluxDBConnect.java:55)
	at com.casic.iot.db.impl.tsdb.InfluxDBWriter.createInstance(InfluxDBWriter.java:46)
	at com.casic.iot.db.impl.tsdb.InfluxDBWriter.<init>(InfluxDBWriter.java:36)
	at com.casic.iot.db.impl.tsdb.InfluxDBTest.setUp(InfluxDBTest.java:23)
	at sun.reflect.NativeMethodAccessorImpl.invoke0(Native Method)
	at sun.reflect.NativeMethodAccessorImpl.invoke(NativeMethodAccessorImpl.java:62)
	at sun.reflect.DelegatingMethodAccessorImpl.invoke(DelegatingMethodAccessorImpl.java:43)
	at java.lang.reflect.Method.invoke(Method.java:498)
	at org.junit.runners.model.FrameworkMethod$1.runReflectiveCall(FrameworkMethod.java:47)
	at org.junit.internal.runners.model.ReflectiveCallable.run(ReflectiveCallable.java:12)
	at org.junit.runners.model.FrameworkMethod.invokeExplosively(FrameworkMethod.java:44)
	at org.junit.internal.runners.statements.RunBefores.evaluate(RunBefores.java:24)
	at org.junit.runners.ParentRunner.runLeaf(ParentRunner.java:271)
	at org.junit.runners.BlockJUnit4ClassRunner.runChild(BlockJUnit4ClassRunner.java:70)
	at org.junit.runners.BlockJUnit4ClassRunner.runChild(BlockJUnit4ClassRunner.java:50)
	at org.junit.runners.ParentRunner$3.run(ParentRunner.java:238)
	at org.junit.runners.ParentRunner$1.schedule(ParentRunner.java:63)
	at org.junit.runners.ParentRunner.runChildren(ParentRunner.java:236)
	at org.junit.runners.ParentRunner.access$000(ParentRunner.java:53)
	at org.junit.runners.ParentRunner$2.evaluate(ParentRunner.java:229)
	at org.junit.runners.ParentRunner.run(ParentRunner.java:309)
	at org.apache.maven.surefire.junit4.JUnit4Provider.execute(JUnit4Provider.java:252)
	at org.apache.maven.surefire.junit4.JUnit4Provider.executeTestSet(JUnit4Provider.java:141)
	at org.apache.maven.surefire.junit4.JUnit4Provider.invoke(JUnit4Provider.java:112)
	at sun.reflect.NativeMethodAccessorImpl.invoke0(Native Method)
	at sun.reflect.NativeMethodAccessorImpl.invoke(NativeMethodAccessorImpl.java:62)
	at sun.reflect.DelegatingMethodAccessorImpl.invoke(DelegatingMethodAccessorImpl.java:43)
	at java.lang.reflect.Method.invoke(Method.java:498)
	at org.apache.maven.surefire.util.ReflectionUtils.invokeMethodWithArray(ReflectionUtils.java:189)
	at org.apache.maven.surefire.booter.ProviderFactory$ProviderProxy.invoke(ProviderFactory.java:165)
	at org.apache.maven.surefire.booter.ProviderFactory.invokeProvider(ProviderFactory.java:85)
	at org.apache.maven.surefire.booter.ForkedBooter.runSuitesInProcess(ForkedBooter.java:115)
	at org.apache.maven.surefire.booter.ForkedBooter.main(ForkedBooter.java:75)

